xrun: *W,BADPRF: The -linedebug option may have an adverse performance impact.
$CDSROOT = /sw/CDS/XCELIUM_24_09_004
$TESTDIR = /homes/hai04458/VP/git/virtual-prototyping/open_source_example/SDRAMmodel/sim

TOOL:	xmsc(64)	24.09-s004
xmsc C++ parameters: 
	xmsc -COMPILER $CDSROOT/tools/cdsgcc/gcc/9.3/bin/g++ 
	-f ./xcelium.d/run.lnx8664.24.09.d/xmsc_run/xmsc_obj/xmsc.args
	-MANUAL 
	-CFLAGS "-DXMSC
		-DNCSC
		-I$CDSROOT/tools/systemc/include_pch
		-I$CDSROOT/tools/tbsc/include
		-I$CDSROOT/tools/vic/include
		-I$CDSROOT/tools/methodology/OVM/CDNS-2.1.2/sc/src
		-I$CDSROOT/tools/methodology/UVM/CDNS-1.1d/sc/sc
		-I$CDSROOT/tools/methodology/UVM/CDNS-1.1d/ml/sc
		-I$CDSROOT/tools/systemc/include/cci
		-I$CDSROOT/tools/systemc/include/factory
		-I$CDSROOT/tools/systemc/include/tlm2
		-fPIC
		-D_GLIBCXX_USE_CXX11_ABI=1 -c
		-x c++  -Wall
		-O0 -g
		-I/homes/hai04458/VP/git/virtual-prototyping/open_source_example/SDRAMmodel/sdram
		-I$TESTDIR
		-I/homes/hai04458/VP/git/virtual-prototyping/open_source_example/SDRAMmodel/sc-standalone
		-I/homes/hai04458/VP/git/virtual-prototyping/open_source_example/SDRAMmodel/sc-standalone/verilator_include
		-I$TESTDIR/.
		-I$CDSROOT/tools/include
		-I$CDSROOT/tools/inca/include
		-I$CDSROOT/tools/methodology/UVM/CDNS-1.1d/sc/sc
		-I$CDSROOT/tools/methodology/UVM/CDNS-1.1d/ml/sc
		-fPIC
		-I$CDSROOT/tools/include
		-pipe"

xmsc: compiling $TESTDIR/../sdram/sdram_dpi_bridge.cpp
make: *** [xcelium.d/run.lnx8664.24.09.d/xmsc_run/Makefile.xmsc:541: xcelium.d/run.lnx8664.24.09.d/xmsc_run/xmsc_obj/sdram_dpi_bridge.o] Error 1
"$TESTDIR/
          ../sdram/sdram_dpi_bridge_autoshell.cpp", line 6: catastrophic error:
          cannot open source file "../sim/sdram_dpi_bridge.cpp"
  #include "../sim/sdram_dpi_bridge.cpp"
                                        ^

1 catastrophic error detected in the compilation of "$TESTDIR/../sdram/sdram_dpi_bridge_autoshell.cpp".
Compilation terminated.
"$TESTDIR/
          ../sdram/sdram_dpi_bridge_autoshell.cpp", line 6: catastrophic error:
          cannot open source file "../sim/sdram_dpi_bridge.cpp"
  #include "../sim/sdram_dpi_bridge.cpp"
                                        ^

1 catastrophic error detected in the compilation of "$TESTDIR/../sdram/sdram_dpi_bridge_autoshell.cpp".
Compilation terminated.
xmsc: Error executing: $CDSROOT/tools/cdsgcc/gcc/9.3/bin/g++ -DNCSC -DCADENCE  -DLNX86 -D_GLIBCXX_USE_CXX11_ABI=1 -I$CDSROOT/tools/systemc/include_pch/64bit -o ./xcelium.d/run.lnx8664.24.09.d/xmsc_run/xmsc_obj/sdram_dpi_bridge.o -I/homes/hai04458/VP/git/virtual-prototyping/open_source_example/SDRAMmodel/sdram -I$TESTDIR -I/homes/hai04458/VP/git/virtual-prototyping/open_source_example/SDRAMmodel/sc-standalone -I/homes/hai04458/VP/git/virtual-prototyping/open_source_example/SDRAMmodel/sc-standalone/verilator_include -I$TESTDIR/. -I$CDSROOT/tools/include -I$CDSROOT/tools/inca/include -I$CDSROOT/tools/methodology/UVM/CDNS-1.1d/sc/sc -I$CDSROOT/tools/methodology/UVM/CDNS-1.1d/ml/sc -fPIC -I$CDSROOT/tools/include -pipe -DXMSC -DNCSC -I$CDSROOT/tools/systemc/include_pch -I$CDSROOT/tools/tbsc/include -I$CDSROOT/tools/vic/include -I$CDSROOT/tools/methodology/OVM/CDNS-2.1.2/sc/src -I$CDSROOT/tools/methodology/UVM/CDNS-1.1d/sc/sc -I$CDSROOT/tools/methodology/UVM/CDNS-1.1d/ml/sc -I$CDSROOT/tools/systemc/include/cci -I$CDSROOT/tools/systemc/include/factory -I$CDSROOT/tools/systemc/include/tlm2 -fPIC -D_GLIBCXX_USE_CXX11_ABI=1 -c -x c++  -Wall -O0 -g $TESTDIR/../sdram/sdram_dpi_bridge_autoshell.cpp
xmsc_run: *E,TBBLDF: Failed to generate object ./xcelium.d/run.lnx8664.24.09.d/xmsc_run/xmsc_obj/sdram_dpi_bridge.o

xrun: *E,CCERR: Error during cc compilation (status 1), exiting.
